# JRE version: OpenJDK Runtime Environment 18.9 (11.0.11+9) (build 11.0.11+9)
# Java VM: OpenJDK 64-Bit Server VM 18.9 (11.0.11+9, mixed mode, tiered, compressed oops, g1 gc, windows-amd64)
Heap:
 garbage-first heap   total 262144K, used 106423K [0x0000000740000000, 0x0000000800000000)
  region size 1024K, 22 young (22528K), 0 survivors (0K)
 Metaspace       used 107764K, capacity 109292K, committed 112592K, reserved 1146880K
  class space    used 12894K, capacity 13491K, committed 14844K, reserved 1048576K
GC Heap History (20 events):
Event: 18777.024 GC heap before
{Heap before GC invocations=1726 (full 748):
 garbage-first heap   total 262144K, used 146176K [0x0000000740000000, 0x0000000800000000)
  region size 1024K, 50 young (51200K), 1 survivors (1024K)
 Metaspace       used 107745K, capacity 109292K, committed 112592K, reserved 1146880K
  class space    used 12892K, capacity 13491K, committed 14844K, reserved 1048576K
}
Event: 18777.027 GC heap after
{Heap after GC invocations=1727 (full 748):
 garbage-first heap   total 262144K, used 97181K [0x0000000740000000, 0x0000000800000000)
  region size 1024K, 1 young (1024K), 1 survivors (1024K)
 Metaspace       used 107745K, capacity 109292K, committed 112592K, reserved 1146880K
  class space    used 12892K, capacity 13491K, committed 14844K, reserved 1048576K
}
Event: 18803.170 GC heap before
{Heap before GC invocations=1727 (full 748):
 garbage-first heap   total 262144K, used 157597K [0x0000000740000000, 0x0000000800000000)
  region size 1024K, 60 young (61440K), 1 survivors (1024K)
 Metaspace       used 107762K, capacity 109292K, committed 112592K, reserved 1146880K
  class space    used 12894K, capacity 13491K, committed 14844K, reserved 1048576K
}
Event: 18803.173 GC heap after
{Heap after GC invocations=1728 (full 748):
 garbage-first heap   total 262144K, used 88925K [0x0000000740000000, 0x0000000800000000)
  region size 1024K, 1 young (1024K), 1 survivors (1024K)
 Metaspace       used 107762K, capacity 109292K, committed 112592K, reserved 1146880K
  class space    used 12894K, capacity 13491K, committed 14844K, reserved 1048576K
}
Event: 18812.334 GC heap before
{Heap before GC invocations=1728 (full 748):
 garbage-first heap   total 262144K, used 149341K [0x0000000740000000, 0x0000000800000000)
  region size 1024K, 60 young (61440K), 1 survivors (1024K)
 Metaspace       used 107762K, capacity 109292K, committed 112592K, reserved 1146880K
  class space    used 12894K, capacity 13491K, committed 14844K, reserved 1048576K
}
Event: 18812.336 GC heap after
{Heap after GC invocations=1729 (full 748):
 garbage-first heap   total 262144K, used 88965K [0x0000000740000000, 0x0000000800000000)
  region size 1024K, 1 young (1024K), 1 survivors (1024K)
 Metaspace       used 107762K, capacity 109292K, committed 112592K, reserved 1146880K
  class space    used 12894K, capacity 13491K, committed 14844K, reserved 1048576K
}
Event: 18818.548 GC heap before
{Heap before GC invocations=1729 (full 748):
 garbage-first heap   total 262144K, used 149381K [0x0000000740000000, 0x0000000800000000)
  region size 1024K, 60 young (61440K), 1 survivors (1024K)
 Metaspace       used 107763K, capacity 109292K, committed 112592K, reserved 1146880K
  class space    used 12894K, capacity 13491K, committed 14844K, reserved 1048576K
}
Event: 18818.550 GC heap after
{Heap after GC invocations=1730 (full 748):
 garbage-first heap   total 262144K, used 88769K [0x0000000740000000, 0x0000000800000000)
  region size 1024K, 1 young (1024K), 1 survivors (1024K)
 Metaspace       used 107763K, capacity 109292K, committed 112592K, reserved 1146880K
  class space    used 12894K, capacity 13491K, committed 14844K, reserved 1048576K
}
Event: 18820.743 GC heap before
{Heap before GC invocations=1730 (full 748):
 garbage-first heap   total 262144K, used 149185K [0x0000000740000000, 0x0000000800000000)
  region size 1024K, 60 young (61440K), 1 survivors (1024K)
 Metaspace       used 107763K, capacity 109292K, committed 112592K, reserved 1146880K
  class space    used 12894K, capacity 13491K, committed 14844K, reserved 1048576K
}
Event: 18820.746 GC heap after
{Heap after GC invocations=1731 (full 748):
 garbage-first heap   total 262144K, used 88637K [0x0000000740000000, 0x0000000800000000)
  region size 1024K, 1 young (1024K), 1 survivors (1024K)
 Metaspace       used 107763K, capacity 109292K, committed 112592K, reserved 1146880K
  class space    used 12894K, capacity 13491K, committed 14844K, reserved 1048576K
}
Event: 18823.633 GC heap before
{Heap before GC invocations=1731 (full 748):
 garbage-first heap   total 262144K, used 151101K [0x0000000740000000, 0x0000000800000000)
  region size 1024K, 60 young (61440K), 1 survivors (1024K)
 Metaspace       used 107763K, capacity 109292K, committed 112592K, reserved 1146880K
  class space    used 12894K, capacity 13491K, committed 14844K, reserved 1048576K
}
Event: 18823.637 GC heap after
{Heap after GC invocations=1732 (full 748):
 garbage-first heap   total 262144K, used 92330K [0x0000000740000000, 0x0000000800000000)
  region size 1024K, 2 young (2048K), 2 survivors (2048K)
 Metaspace       used 107763K, capacity 109292K, committed 112592K, reserved 1146880K
  class space    used 12894K, capacity 13491K, committed 14844K, reserved 1048576K
}
Event: 18828.477 GC heap before
{Heap before GC invocations=1732 (full 748):
 garbage-first heap   total 262144K, used 151722K [0x0000000740000000, 0x0000000800000000)
  region size 1024K, 60 young (61440K), 2 survivors (2048K)
 Metaspace       used 107763K, capacity 109292K, committed 112592K, reserved 1146880K
  class space    used 12894K, capacity 13491K, committed 14844K, reserved 1048576K
}
Event: 18828.480 GC heap after
{Heap after GC invocations=1733 (full 748):
 garbage-first heap   total 262144K, used 88194K [0x0000000740000000, 0x0000000800000000)
  region size 1024K, 2 young (2048K), 2 survivors (2048K)
 Metaspace       used 107763K, capacity 109292K, committed 112592K, reserved 1146880K
  class space    used 12894K, capacity 13491K, committed 14844K, reserved 1048576K
}
Event: 18830.626 GC heap before
{Heap before GC invocations=1733 (full 748):
 garbage-first heap   total 262144K, used 147586K [0x0000000740000000, 0x0000000800000000)
  region size 1024K, 60 young (61440K), 2 survivors (2048K)
 Metaspace       used 107763K, capacity 109292K, committed 112592K, reserved 1146880K
  class space    used 12894K, capacity 13491K, committed 14844K, reserved 1048576K
}
Event: 18830.628 GC heap after
{Heap after GC invocations=1734 (full 748):
 garbage-first heap   total 262144K, used 88080K [0x0000000740000000, 0x0000000800000000)
  region size 1024K, 2 young (2048K), 2 survivors (2048K)
 Metaspace       used 107763K, capacity 109292K, committed 112592K, reserved 1146880K
  class space    used 12894K, capacity 13491K, committed 14844K, reserved 1048576K
}
Event: 18834.590 GC heap before
{Heap before GC invocations=1734 (full 748):
 garbage-first heap   total 262144K, used 147472K [0x0000000740000000, 0x0000000800000000)
  region size 1024K, 60 young (61440K), 2 survivors (2048K)
 Metaspace       used 107763K, capacity 109292K, committed 112592K, reserved 1146880K
  class space    used 12894K, capacity 13491K, committed 14844K, reserved 1048576K
}
Event: 18834.593 GC heap after
{Heap after GC invocations=1735 (full 748):
 garbage-first heap   total 262144K, used 88017K [0x0000000740000000, 0x0000000800000000)
  region size 1024K, 1 young (1024K), 1 survivors (1024K)
 Metaspace       used 107763K, capacity 109292K, committed 112592K, reserved 1146880K
  class space    used 12894K, capacity 13491K, committed 14844K, reserved 1048576K
}
Event: 18837.204 GC heap before
{Heap before GC invocations=1735 (full 748):
 garbage-first heap   total 262144K, used 115665K [0x0000000740000000, 0x0000000800000000)
  region size 1024K, 29 young (29696K), 1 survivors (1024K)
 Metaspace       used 107764K, capacity 109292K, committed 112592K, reserved 1146880K
  class space    used 12894K, capacity 13491K, committed 14844K, reserved 1048576K
}
Event: 18837.281 GC heap after
{Heap after GC invocations=1736 (full 749):
 garbage-first heap   total 262144K, used 84919K [0x0000000740000000, 0x0000000800000000)
  region size 1024K, 0 young (0K), 0 survivors (0K)
 Metaspace       used 107764K, capacity 109292K, committed 112592K, reserved 1146880K
  class space    used 12894K, capacity 13491K, committed 14844K, reserved 1048576K
}

