# JRE version: OpenJDK Runtime Environment 18.9 (11.0.11+9) (build 11.0.11+9)
# Java VM: OpenJDK 64-Bit Server VM 18.9 (11.0.11+9, mixed mode, tiered, compressed oops, g1 gc, windows-amd64)
Heap:
 garbage-first heap   total 262144K, used 90130K [0x0000000740000000, 0x0000000800000000)
  region size 1024K, 2 young (2048K), 1 survivors (1024K)
 Metaspace       used 107127K, capacity 110045K, committed 110316K, reserved 1144832K
  class space    used 13598K, capacity 14882K, committed 14924K, reserved 1048576K
GC Heap History (20 events):
Event: 2496.769 GC heap before
{Heap before GC invocations=244 (full 68):
 garbage-first heap   total 262144K, used 96567K [0x0000000740000000, 0x0000000800000000)
  region size 1024K, 3 young (3072K), 1 survivors (1024K)
 Metaspace       used 107050K, capacity 109981K, committed 110060K, reserved 1144832K
  class space    used 13598K, capacity 14882K, committed 14924K, reserved 1048576K
}
Event: 2496.905 GC heap after
{Heap after GC invocations=245 (full 69):
 garbage-first heap   total 262144K, used 89232K [0x0000000740000000, 0x0000000800000000)
  region size 1024K, 0 young (0K), 0 survivors (0K)
 Metaspace       used 107050K, capacity 109981K, committed 110060K, reserved 1144832K
  class space    used 13598K, capacity 14882K, committed 14924K, reserved 1048576K
}
Event: 2498.451 GC heap before
{Heap before GC invocations=245 (full 69):
 garbage-first heap   total 262144K, used 109712K [0x0000000740000000, 0x0000000800000000)
  region size 1024K, 17 young (17408K), 0 survivors (0K)
 Metaspace       used 107050K, capacity 109981K, committed 110060K, reserved 1144832K
  class space    used 13598K, capacity 14882K, committed 14924K, reserved 1048576K
}
Event: 2498.638 GC heap after
{Heap after GC invocations=246 (full 70):
 garbage-first heap   total 262144K, used 89350K [0x0000000740000000, 0x0000000800000000)
  region size 1024K, 0 young (0K), 0 survivors (0K)
 Metaspace       used 107050K, capacity 109981K, committed 110060K, reserved 1144832K
  class space    used 13598K, capacity 14882K, committed 14924K, reserved 1048576K
}
Event: 2499.086 GC heap before
{Heap before GC invocations=246 (full 70):
 garbage-first heap   total 262144K, used 95494K [0x0000000740000000, 0x0000000800000000)
  region size 1024K, 3 young (3072K), 0 survivors (0K)
 Metaspace       used 107054K, capacity 109981K, committed 110060K, reserved 1144832K
  class space    used 13598K, capacity 14882K, committed 14924K, reserved 1048576K
}
Event: 2499.213 GC heap after
{Heap after GC invocations=247 (full 71):
 garbage-first heap   total 262144K, used 89254K [0x0000000740000000, 0x0000000800000000)
  region size 1024K, 0 young (0K), 0 survivors (0K)
 Metaspace       used 107054K, capacity 109981K, committed 110060K, reserved 1144832K
  class space    used 13598K, capacity 14882K, committed 14924K, reserved 1048576K
}
Event: 2499.406 GC heap before
{Heap before GC invocations=247 (full 71):
 garbage-first heap   total 262144K, used 90278K [0x0000000740000000, 0x0000000800000000)
  region size 1024K, 2 young (2048K), 0 survivors (0K)
 Metaspace       used 107060K, capacity 110045K, committed 110316K, reserved 1144832K
  class space    used 13598K, capacity 14882K, committed 14924K, reserved 1048576K
}
Event: 2499.523 GC heap after
{Heap after GC invocations=248 (full 72):
 garbage-first heap   total 262144K, used 89252K [0x0000000740000000, 0x0000000800000000)
  region size 1024K, 0 young (0K), 0 survivors (0K)
 Metaspace       used 107060K, capacity 110045K, committed 110316K, reserved 1144832K
  class space    used 13598K, capacity 14882K, committed 14924K, reserved 1048576K
}
Event: 2499.696 GC heap before
{Heap before GC invocations=248 (full 72):
 garbage-first heap   total 262144K, used 94372K [0x0000000740000000, 0x0000000800000000)
  region size 1024K, 2 young (2048K), 0 survivors (0K)
 Metaspace       used 107068K, capacity 110045K, committed 110316K, reserved 1144832K
  class space    used 13598K, capacity 14882K, committed 14924K, reserved 1048576K
}
Event: 2499.698 GC heap after
{Heap after GC invocations=249 (full 72):
 garbage-first heap   total 262144K, used 93446K [0x0000000740000000, 0x0000000800000000)
  region size 1024K, 1 young (1024K), 1 survivors (1024K)
 Metaspace       used 107068K, capacity 110045K, committed 110316K, reserved 1144832K
  class space    used 13598K, capacity 14882K, committed 14924K, reserved 1048576K
}
Event: 2499.732 GC heap before
{Heap before GC invocations=249 (full 72):
 garbage-first heap   total 262144K, used 94470K [0x0000000740000000, 0x0000000800000000)
  region size 1024K, 3 young (3072K), 1 survivors (1024K)
 Metaspace       used 107068K, capacity 110045K, committed 110316K, reserved 1144832K
  class space    used 13598K, capacity 14882K, committed 14924K, reserved 1048576K
}
Event: 2499.886 GC heap after
{Heap after GC invocations=250 (full 73):
 garbage-first heap   total 262144K, used 89249K [0x0000000740000000, 0x0000000800000000)
  region size 1024K, 0 young (0K), 0 survivors (0K)
 Metaspace       used 107068K, capacity 110045K, committed 110316K, reserved 1144832K
  class space    used 13598K, capacity 14882K, committed 14924K, reserved 1048576K
}
Event: 2508.107 GC heap before
{Heap before GC invocations=250 (full 73):
 garbage-first heap   total 262144K, used 100513K [0x0000000740000000, 0x0000000800000000)
  region size 1024K, 8 young (8192K), 0 survivors (0K)
 Metaspace       used 107068K, capacity 110045K, committed 110316K, reserved 1144832K
  class space    used 13598K, capacity 14882K, committed 14924K, reserved 1048576K
}
Event: 2508.273 GC heap after
{Heap after GC invocations=251 (full 74):
 garbage-first heap   total 262144K, used 89275K [0x0000000740000000, 0x0000000800000000)
  region size 1024K, 0 young (0K), 0 survivors (0K)
 Metaspace       used 107068K, capacity 110045K, committed 110316K, reserved 1144832K
  class space    used 13598K, capacity 14882K, committed 14924K, reserved 1048576K
}
Event: 2508.306 GC heap before
{Heap before GC invocations=251 (full 74):
 garbage-first heap   total 262144K, used 90299K [0x0000000740000000, 0x0000000800000000)
  region size 1024K, 2 young (2048K), 0 survivors (0K)
 Metaspace       used 107068K, capacity 110045K, committed 110316K, reserved 1144832K
  class space    used 13598K, capacity 14882K, committed 14924K, reserved 1048576K
}
Event: 2508.445 GC heap after
{Heap after GC invocations=252 (full 75):
 garbage-first heap   total 262144K, used 89268K [0x0000000740000000, 0x0000000800000000)
  region size 1024K, 0 young (0K), 0 survivors (0K)
 Metaspace       used 107068K, capacity 110045K, committed 110316K, reserved 1144832K
  class space    used 13598K, capacity 14882K, committed 14924K, reserved 1048576K
}
Event: 2512.913 GC heap before
{Heap before GC invocations=252 (full 75):
 garbage-first heap   total 262144K, used 150708K [0x0000000740000000, 0x0000000800000000)
  region size 1024K, 60 young (61440K), 0 survivors (0K)
 Metaspace       used 107083K, capacity 110045K, committed 110316K, reserved 1144832K
  class space    used 13598K, capacity 14882K, committed 14924K, reserved 1048576K
}
Event: 2512.917 GC heap after
{Heap after GC invocations=253 (full 75):
 garbage-first heap   total 262144K, used 89936K [0x0000000740000000, 0x0000000800000000)
  region size 1024K, 1 young (1024K), 1 survivors (1024K)
 Metaspace       used 107083K, capacity 110045K, committed 110316K, reserved 1144832K
  class space    used 13598K, capacity 14882K, committed 14924K, reserved 1048576K
}
Event: 2517.519 GC heap before
{Heap before GC invocations=253 (full 75):
 garbage-first heap   total 262144K, used 150352K [0x0000000740000000, 0x0000000800000000)
  region size 1024K, 60 young (61440K), 1 survivors (1024K)
 Metaspace       used 107127K, capacity 110045K, committed 110316K, reserved 1144832K
  class space    used 13598K, capacity 14882K, committed 14924K, reserved 1048576K
}
Event: 2517.524 GC heap after
{Heap after GC invocations=254 (full 75):
 garbage-first heap   total 262144K, used 90130K [0x0000000740000000, 0x0000000800000000)
  region size 1024K, 1 young (1024K), 1 survivors (1024K)
 Metaspace       used 107127K, capacity 110045K, committed 110316K, reserved 1144832K
  class space    used 13598K, capacity 14882K, committed 14924K, reserved 1048576K
}

