# JRE version: OpenJDK Runtime Environment 18.9 (11.0.11+9) (build 11.0.11+9)
# Java VM: OpenJDK 64-Bit Server VM 18.9 (11.0.11+9, mixed mode, tiered, compressed oops, g1 gc, windows-amd64)
Heap:
 garbage-first heap   total 378880K, used 148782K [0x0000000740000000, 0x0000000800000000)
  region size 1024K, 14 young (14336K), 2 survivors (2048K)
 Metaspace       used 117924K, capacity 119616K, committed 123868K, reserved 1157120K
  class space    used 14757K, capacity 15430K, committed 16980K, reserved 1048576K
GC Heap History (20 events):
Event: 9683.154 GC heap before
{Heap before GC invocations=933 (full 217):
 garbage-first heap   total 378880K, used 196804K [0x0000000740000000, 0x0000000800000000)
  region size 1024K, 60 young (61440K), 2 survivors (2048K)
 Metaspace       used 117904K, capacity 119591K, committed 123868K, reserved 1157120K
  class space    used 14757K, capacity 15430K, committed 16980K, reserved 1048576K
}
Event: 9683.160 GC heap after
{Heap after GC invocations=934 (full 217):
 garbage-first heap   total 378880K, used 137665K [0x0000000740000000, 0x0000000800000000)
  region size 1024K, 2 young (2048K), 2 survivors (2048K)
 Metaspace       used 117904K, capacity 119591K, committed 123868K, reserved 1157120K
  class space    used 14757K, capacity 15430K, committed 16980K, reserved 1048576K
}
Event: 9688.149 GC heap before
{Heap before GC invocations=934 (full 217):
 garbage-first heap   total 378880K, used 197057K [0x0000000740000000, 0x0000000800000000)
  region size 1024K, 60 young (61440K), 2 survivors (2048K)
 Metaspace       used 117904K, capacity 119591K, committed 123868K, reserved 1157120K
  class space    used 14757K, capacity 15430K, committed 16980K, reserved 1048576K
}
Event: 9688.155 GC heap after
{Heap after GC invocations=935 (full 217):
 garbage-first heap   total 378880K, used 137807K [0x0000000740000000, 0x0000000800000000)
  region size 1024K, 2 young (2048K), 2 survivors (2048K)
 Metaspace       used 117904K, capacity 119591K, committed 123868K, reserved 1157120K
  class space    used 14757K, capacity 15430K, committed 16980K, reserved 1048576K
}
Event: 9691.802 GC heap before
{Heap before GC invocations=935 (full 217):
 garbage-first heap   total 378880K, used 197199K [0x0000000740000000, 0x0000000800000000)
  region size 1024K, 60 young (61440K), 2 survivors (2048K)
 Metaspace       used 117922K, capacity 119615K, committed 123868K, reserved 1157120K
  class space    used 14757K, capacity 15430K, committed 16980K, reserved 1048576K
}
Event: 9691.806 GC heap after
{Heap after GC invocations=936 (full 217):
 garbage-first heap   total 378880K, used 137637K [0x0000000740000000, 0x0000000800000000)
  region size 1024K, 2 young (2048K), 2 survivors (2048K)
 Metaspace       used 117922K, capacity 119615K, committed 123868K, reserved 1157120K
  class space    used 14757K, capacity 15430K, committed 16980K, reserved 1048576K
}
Event: 9697.073 GC heap before
{Heap before GC invocations=936 (full 217):
 garbage-first heap   total 378880K, used 197029K [0x0000000740000000, 0x0000000800000000)
  region size 1024K, 60 young (61440K), 2 survivors (2048K)
 Metaspace       used 117922K, capacity 119615K, committed 123868K, reserved 1157120K
  class space    used 14757K, capacity 15430K, committed 16980K, reserved 1048576K
}
Event: 9697.079 GC heap after
{Heap after GC invocations=937 (full 217):
 garbage-first heap   total 378880K, used 137288K [0x0000000740000000, 0x0000000800000000)
  region size 1024K, 2 young (2048K), 2 survivors (2048K)
 Metaspace       used 117922K, capacity 119615K, committed 123868K, reserved 1157120K
  class space    used 14757K, capacity 15430K, committed 16980K, reserved 1048576K
}
Event: 9703.565 GC heap before
{Heap before GC invocations=937 (full 217):
 garbage-first heap   total 378880K, used 196680K [0x0000000740000000, 0x0000000800000000)
  region size 1024K, 60 young (61440K), 2 survivors (2048K)
 Metaspace       used 117923K, capacity 119616K, committed 123868K, reserved 1157120K
  class space    used 14757K, capacity 15430K, committed 16980K, reserved 1048576K
}
Event: 9703.569 GC heap after
{Heap after GC invocations=938 (full 217):
 garbage-first heap   total 378880K, used 137303K [0x0000000740000000, 0x0000000800000000)
  region size 1024K, 2 young (2048K), 2 survivors (2048K)
 Metaspace       used 117923K, capacity 119616K, committed 123868K, reserved 1157120K
  class space    used 14757K, capacity 15430K, committed 16980K, reserved 1048576K
}
Event: 9718.276 GC heap before
{Heap before GC invocations=938 (full 217):
 garbage-first heap   total 378880K, used 196695K [0x0000000740000000, 0x0000000800000000)
  region size 1024K, 60 young (61440K), 2 survivors (2048K)
 Metaspace       used 117923K, capacity 119616K, committed 123868K, reserved 1157120K
  class space    used 14757K, capacity 15430K, committed 16980K, reserved 1048576K
}
Event: 9718.281 GC heap after
{Heap after GC invocations=939 (full 217):
 garbage-first heap   total 378880K, used 137381K [0x0000000740000000, 0x0000000800000000)
  region size 1024K, 2 young (2048K), 2 survivors (2048K)
 Metaspace       used 117923K, capacity 119616K, committed 123868K, reserved 1157120K
  class space    used 14757K, capacity 15430K, committed 16980K, reserved 1048576K
}
Event: 9723.616 GC heap before
{Heap before GC invocations=939 (full 217):
 garbage-first heap   total 378880K, used 196773K [0x0000000740000000, 0x0000000800000000)
  region size 1024K, 60 young (61440K), 2 survivors (2048K)
 Metaspace       used 117923K, capacity 119616K, committed 123868K, reserved 1157120K
  class space    used 14757K, capacity 15430K, committed 16980K, reserved 1048576K
}
Event: 9723.624 GC heap after
{Heap after GC invocations=940 (full 217):
 garbage-first heap   total 378880K, used 137231K [0x0000000740000000, 0x0000000800000000)
  region size 1024K, 2 young (2048K), 2 survivors (2048K)
 Metaspace       used 117923K, capacity 119616K, committed 123868K, reserved 1157120K
  class space    used 14757K, capacity 15430K, committed 16980K, reserved 1048576K
}
Event: 9726.901 GC heap before
{Heap before GC invocations=940 (full 217):
 garbage-first heap   total 378880K, used 196623K [0x0000000740000000, 0x0000000800000000)
  region size 1024K, 60 young (61440K), 2 survivors (2048K)
 Metaspace       used 117923K, capacity 119616K, committed 123868K, reserved 1157120K
  class space    used 14757K, capacity 15430K, committed 16980K, reserved 1048576K
}
Event: 9726.906 GC heap after
{Heap after GC invocations=941 (full 217):
 garbage-first heap   total 378880K, used 137181K [0x0000000740000000, 0x0000000800000000)
  region size 1024K, 2 young (2048K), 2 survivors (2048K)
 Metaspace       used 117923K, capacity 119616K, committed 123868K, reserved 1157120K
  class space    used 14757K, capacity 15430K, committed 16980K, reserved 1048576K
}
Event: 9732.902 GC heap before
{Heap before GC invocations=941 (full 217):
 garbage-first heap   total 378880K, used 196573K [0x0000000740000000, 0x0000000800000000)
  region size 1024K, 60 young (61440K), 2 survivors (2048K)
 Metaspace       used 117923K, capacity 119616K, committed 123868K, reserved 1157120K
  class space    used 14757K, capacity 15430K, committed 16980K, reserved 1048576K
}
Event: 9732.907 GC heap after
{Heap after GC invocations=942 (full 217):
 garbage-first heap   total 378880K, used 137306K [0x0000000740000000, 0x0000000800000000)
  region size 1024K, 2 young (2048K), 2 survivors (2048K)
 Metaspace       used 117923K, capacity 119616K, committed 123868K, reserved 1157120K
  class space    used 14757K, capacity 15430K, committed 16980K, reserved 1048576K
}
Event: 9735.382 GC heap before
{Heap before GC invocations=942 (full 217):
 garbage-first heap   total 378880K, used 196698K [0x0000000740000000, 0x0000000800000000)
  region size 1024K, 60 young (61440K), 2 survivors (2048K)
 Metaspace       used 117924K, capacity 119616K, committed 123868K, reserved 1157120K
  class space    used 14757K, capacity 15430K, committed 16980K, reserved 1048576K
}
Event: 9735.389 GC heap after
{Heap after GC invocations=943 (full 217):
 garbage-first heap   total 378880K, used 137518K [0x0000000740000000, 0x0000000800000000)
  region size 1024K, 2 young (2048K), 2 survivors (2048K)
 Metaspace       used 117924K, capacity 119616K, committed 123868K, reserved 1157120K
  class space    used 14757K, capacity 15430K, committed 16980K, reserved 1048576K
}

